2019-05-28 22:31:23.444 -07:00 [INF] Discord: Discord.Net v2.0.1 (API v6)
2019-05-28 22:31:24.027 -07:00 [INF] Gateway: Connecting
2019-05-28 22:31:24.677 -07:00 [INF] Gateway: Connected
2019-05-28 22:31:25.167 -07:00 [INF] Gateway: Ready
2019-05-28 22:46:35.386 -07:00 [INF] Discord: Discord.Net v2.0.1 (API v6)
2019-05-28 22:46:35.982 -07:00 [INF] Gateway: Connecting
2019-05-28 22:46:36.653 -07:00 [INF] Gateway: Connected
2019-05-28 22:46:37.143 -07:00 [INF] Connected as -> [SevenThree#3552] :)
2019-05-28 22:46:37.143 -07:00 [INF] We are on [1] servers
2019-05-28 22:46:37.144 -07:00 [INF] Gateway: Ready
2019-05-28 22:48:49.233 -07:00 [INF] Discord: Discord.Net v2.0.1 (API v6)
2019-05-28 22:48:49.808 -07:00 [INF] Gateway: Connecting
2019-05-28 22:48:51.692 -07:00 [INF] Gateway: Connected
2019-05-28 22:48:52.181 -07:00 [INF] Connected as -> [SevenThree#3552] :)
2019-05-28 22:48:52.182 -07:00 [INF] We are on [1] servers
2019-05-28 22:48:52.182 -07:00 [INF] Gateway: Ready
2019-05-28 22:50:35.248 -07:00 [INF] Discord: Discord.Net v2.0.1 (API v6)
2019-05-28 22:50:35.803 -07:00 [INF] Gateway: Connecting
2019-05-28 22:50:36.955 -07:00 [INF] Gateway: Connected
2019-05-28 22:50:37.440 -07:00 [INF] Connected as -> [SevenThree#3552] :)
2019-05-28 22:50:37.441 -07:00 [INF] We are on [1] servers
2019-05-28 22:50:37.441 -07:00 [INF] Gateway: Ready
2019-05-28 22:52:58.124 -07:00 [INF] Discord: Discord.Net v2.0.1 (API v6)
2019-05-28 22:52:59.042 -07:00 [INF] Gateway: Connecting
2019-05-28 22:52:59.809 -07:00 [INF] Gateway: Connected
2019-05-28 22:53:00.295 -07:00 [INF] Connected as -> [SevenThree#3552] :)
2019-05-28 22:53:00.296 -07:00 [INF] We are on [1] servers
2019-05-28 22:53:00.296 -07:00 [INF] Gateway: Ready
2019-05-28 22:55:25.638 -07:00 [INF] Discord: Discord.Net v2.0.1 (API v6)
2019-05-28 22:55:26.452 -07:00 [INF] Gateway: Connecting
2019-05-28 22:55:27.291 -07:00 [INF] Gateway: Connected
2019-05-28 22:55:27.778 -07:00 [INF] Connected as -> [SevenThree#3552] :)
2019-05-28 22:55:27.779 -07:00 [INF] We are on [1] servers
2019-05-28 22:55:27.779 -07:00 [INF] Gateway: Ready
2019-05-28 22:55:40.938 -07:00 [INF] Discord: Discord.Net v2.0.1 (API v6)
2019-05-28 22:55:41.756 -07:00 [INF] Gateway: Connecting
2019-05-28 22:55:42.572 -07:00 [INF] Gateway: Connected
2019-05-28 22:55:43.063 -07:00 [INF] Connected as -> [SevenThree#3552] :)
2019-05-28 22:55:43.064 -07:00 [INF] We are on [1] servers
2019-05-28 22:55:43.064 -07:00 [INF] Gateway: Ready
2019-05-28 23:05:28.555 -07:00 [INF] Discord: Discord.Net v2.0.1 (API v6)
2019-05-28 23:05:29.588 -07:00 [INF] Gateway: Connecting
2019-05-28 23:05:30.370 -07:00 [INF] Gateway: Connected
2019-05-28 23:05:30.861 -07:00 [INF] Connected as -> [SevenThree#3552] :)
2019-05-28 23:05:30.862 -07:00 [INF] We are on [1] servers
2019-05-28 23:05:30.862 -07:00 [INF] Gateway: Ready
2019-05-28 23:05:35.165 -07:00 [INF] Command failed to execute for [Ginja] <-> [Unknown command.]!
2019-05-28 23:05:39.227 -07:00 [INF] User: [Ginja] Discord Server: [ninjabottest] -> [+conditions]
2019-05-28 23:06:21.612 -07:00 [INF] Discord: Discord.Net v2.0.1 (API v6)
2019-05-28 23:06:22.527 -07:00 [INF] Gateway: Connecting
2019-05-28 23:06:23.420 -07:00 [INF] Gateway: Connected
2019-05-28 23:06:23.910 -07:00 [INF] Connected as -> [SevenThree#3552] :)
2019-05-28 23:06:23.912 -07:00 [INF] We are on [1] servers
2019-05-28 23:06:23.913 -07:00 [INF] Gateway: Ready
2019-05-28 23:07:02.227 -07:00 [INF] Discord: Discord.Net v2.0.1 (API v6)
2019-05-28 23:07:03.103 -07:00 [INF] Gateway: Connecting
2019-05-28 23:07:03.948 -07:00 [INF] Gateway: Connected
2019-05-28 23:07:04.431 -07:00 [INF] Connected as -> [SevenThree#3552] :)
2019-05-28 23:07:04.432 -07:00 [INF] We are on [1] servers
2019-05-28 23:07:04.432 -07:00 [INF] Gateway: Ready
2019-05-28 23:08:07.555 -07:00 [INF] Discord: Discord.Net v2.0.1 (API v6)
2019-05-28 23:08:08.367 -07:00 [INF] Gateway: Connecting
2019-05-28 23:08:09.270 -07:00 [INF] Gateway: Connected
2019-05-28 23:08:09.760 -07:00 [INF] Connected as -> [SevenThree#3552] :)
2019-05-28 23:08:09.761 -07:00 [INF] We are on [1] servers
2019-05-28 23:08:09.761 -07:00 [INF] Gateway: Ready
2019-05-28 23:10:28.514 -07:00 [INF] Discord: Discord.Net v2.0.1 (API v6)
2019-05-28 23:10:29.520 -07:00 [INF] Gateway: Connecting
2019-05-28 23:10:30.433 -07:00 [INF] Gateway: Connected
2019-05-28 23:10:30.892 -07:00 [INF] Connected as -> [SevenThree#3552] :)
2019-05-28 23:10:30.894 -07:00 [INF] We are on [1] servers
2019-05-28 23:10:30.894 -07:00 [INF] Gateway: Ready
2019-05-28 23:18:40.009 -07:00 [INF] Discord: Discord.Net v2.0.1 (API v6)
2019-05-28 23:18:40.658 -07:00 [INF] Gateway: Connecting
2019-05-28 23:18:41.364 -07:00 [INF] Gateway: Connected
2019-05-28 23:18:41.854 -07:00 [INF] Connected as -> [SevenThree#3552] :)
2019-05-28 23:18:41.855 -07:00 [INF] We are on [1] servers
2019-05-28 23:18:41.855 -07:00 [INF] Gateway: Ready
2019-05-28 23:18:49.424 -07:00 [INF] Command [+] failed to execute for [Ginja] <-> [Unknown command.]!
2019-05-28 23:20:55.316 -07:00 [INF] Discord: Discord.Net v2.0.1 (API v6)
2019-05-28 23:20:55.905 -07:00 [INF] Gateway: Connecting
2019-05-28 23:20:56.632 -07:00 [INF] Gateway: Connected
2019-05-28 23:20:57.116 -07:00 [INF] Connected as -> [SevenThree#3552] :)
2019-05-28 23:20:57.116 -07:00 [INF] We are on [1] servers
2019-05-28 23:20:57.117 -07:00 [INF] Gateway: Ready
2019-05-28 23:21:09.164 -07:00 [INF] Command [+Sdsadsa] failed to execute for [Ginja] <-> [Unknown command.]!
